{"/Users/ponpon/Documents/SDDReactLiveCasino/baccarat-game/src/App.tsx": {"path":"/Users/ponpon/Documents/SDDReactLiveCasino/baccarat-game/src/App.tsx","statementMap":{"0":{"start":{"line":7,"column":24},"end":{"line":7,"column":null}},"1":{"start":{"line":9,"column":2},"end":{"line":27,"column":null}},"2":{"start":{"line":21,"column":31},"end":{"line":21,"column":63}},"3":{"start":{"line":21,"column":51},"end":{"line":21,"column":60}}},"fnMap":{"0":{"name":"App","decl":{"start":{"line":6,"column":9},"end":{"line":6,"column":15}},"loc":{"start":{"line":6,"column":15},"end":{"line":29,"column":null}},"line":6},"1":{"name":"(anonymous_1)","decl":{"start":{"line":21,"column":25},"end":{"line":21,"column":31}},"loc":{"start":{"line":21,"column":31},"end":{"line":21,"column":63}},"line":21},"2":{"name":"(anonymous_2)","decl":{"start":{"line":21,"column":40},"end":{"line":21,"column":41}},"loc":{"start":{"line":21,"column":51},"end":{"line":21,"column":60}},"line":21}},"branchMap":{},"s":{"0":2,"1":2,"2":0,"3":0},"f":{"0":2,"1":0,"2":0},"b":{},"meta":{"lastBranch":0,"lastFunction":3,"lastStatement":4,"seen":{"f:6:9:6:15":0,"s:7:24:7:Infinity":0,"s:9:2:27:Infinity":1,"f:21:25:21:31":1,"s:21:31:21:63":2,"f:21:40:21:41":2,"s:21:51:21:60":3}}}
,"/Users/ponpon/Documents/SDDReactLiveCasino/baccarat-game/src/constants/gameConfig.ts": {"path":"/Users/ponpon/Documents/SDDReactLiveCasino/baccarat-game/src/constants/gameConfig.ts","statementMap":{"0":{"start":{"line":16,"column":34},"end":{"line":16,"column":null}},"1":{"start":{"line":31,"column":26},"end":{"line":31,"column":null}},"2":{"start":{"line":36,"column":30},"end":{"line":36,"column":null}},"3":{"start":{"line":41,"column":27},"end":{"line":41,"column":null}},"4":{"start":{"line":47,"column":33},"end":{"line":47,"column":null}},"5":{"start":{"line":57,"column":37},"end":{"line":57,"column":null}},"6":{"start":{"line":63,"column":34},"end":{"line":63,"column":null}},"7":{"start":{"line":68,"column":42},"end":{"line":68,"column":null}},"8":{"start":{"line":77,"column":31},"end":{"line":77,"column":null}},"9":{"start":{"line":82,"column":23},"end":{"line":82,"column":null}},"10":{"start":{"line":87,"column":23},"end":{"line":87,"column":null}},"11":{"start":{"line":92,"column":29},"end":{"line":92,"column":null}},"12":{"start":{"line":102,"column":35},"end":{"line":102,"column":null}},"13":{"start":{"line":112,"column":26},"end":{"line":135,"column":null}}},"fnMap":{},"branchMap":{},"s":{"0":1,"1":1,"2":1,"3":1,"4":1,"5":1,"6":1,"7":1,"8":1,"9":1,"10":1,"11":1,"12":1,"13":1},"f":{},"b":{},"meta":{"lastBranch":0,"lastFunction":0,"lastStatement":14,"seen":{"s:16:34:16:Infinity":0,"s:31:26:31:Infinity":1,"s:36:30:36:Infinity":2,"s:41:27:41:Infinity":3,"s:47:33:47:Infinity":4,"s:57:37:57:Infinity":5,"s:63:34:63:Infinity":6,"s:68:42:68:Infinity":7,"s:77:31:77:Infinity":8,"s:82:23:82:Infinity":9,"s:87:23:87:Infinity":10,"s:92:29:92:Infinity":11,"s:102:35:102:Infinity":12,"s:112:26:135:Infinity":13}}}
,"/Users/ponpon/Documents/SDDReactLiveCasino/baccarat-game/src/constants/payoutRates.ts": {"path":"/Users/ponpon/Documents/SDDReactLiveCasino/baccarat-game/src/constants/payoutRates.ts","statementMap":{"0":{"start":{"line":18,"column":34},"end":{"line":18,"column":null}},"1":{"start":{"line":29,"column":34},"end":{"line":29,"column":null}},"2":{"start":{"line":37,"column":31},"end":{"line":37,"column":null}},"3":{"start":{"line":52,"column":28},"end":{"line":56,"column":null}},"4":{"start":{"line":76,"column":38},"end":{"line":76,"column":null}},"5":{"start":{"line":82,"column":33},"end":{"line":82,"column":null}},"6":{"start":{"line":101,"column":2},"end":{"line":101,"column":null}},"7":{"start":{"line":117,"column":2},"end":{"line":117,"column":null}},"8":{"start":{"line":127,"column":2},"end":{"line":127,"column":null}}},"fnMap":{"0":{"name":"calculatePayout","decl":{"start":{"line":100,"column":16},"end":{"line":100,"column":32}},"loc":{"start":{"line":100,"column":77},"end":{"line":102,"column":null}},"line":100},"1":{"name":"calculateTotalReturn","decl":{"start":{"line":116,"column":16},"end":{"line":116,"column":37}},"loc":{"start":{"line":116,"column":82},"end":{"line":118,"column":null}},"line":116},"2":{"name":"getPayoutRate","decl":{"start":{"line":126,"column":16},"end":{"line":126,"column":30}},"loc":{"start":{"line":126,"column":56},"end":{"line":128,"column":null}},"line":126}},"branchMap":{},"s":{"0":1,"1":1,"2":1,"3":1,"4":1,"5":1,"6":44,"7":15,"8":3},"f":{"0":44,"1":15,"2":3},"b":{},"meta":{"lastBranch":0,"lastFunction":3,"lastStatement":9,"seen":{"s:18:34:18:Infinity":0,"s:29:34:29:Infinity":1,"s:37:31:37:Infinity":2,"s:52:28:56:Infinity":3,"s:76:38:76:Infinity":4,"s:82:33:82:Infinity":5,"f:100:16:100:32":0,"s:101:2:101:Infinity":6,"f:116:16:116:37":1,"s:117:2:117:Infinity":7,"f:126:16:126:30":2,"s:127:2:127:Infinity":8}}}
,"/Users/ponpon/Documents/SDDReactLiveCasino/baccarat-game/src/types/game.ts": {"path":"/Users/ponpon/Documents/SDDReactLiveCasino/baccarat-game/src/types/game.ts","statementMap":{"0":{"start":{"line":207,"column":27},"end":{"line":207,"column":null}},"1":{"start":{"line":210,"column":28},"end":{"line":214,"column":null}},"2":{"start":{"line":216,"column":31},"end":{"line":216,"column":null}},"3":{"start":{"line":217,"column":35},"end":{"line":217,"column":null}},"4":{"start":{"line":218,"column":27},"end":{"line":218,"column":null}},"5":{"start":{"line":219,"column":30},"end":{"line":219,"column":null}},"6":{"start":{"line":220,"column":27},"end":{"line":220,"column":null}},"7":{"start":{"line":221,"column":33},"end":{"line":221,"column":null}},"8":{"start":{"line":222,"column":33},"end":{"line":222,"column":null}},"9":{"start":{"line":229,"column":2},"end":{"line":229,"column":null}},"10":{"start":{"line":229,"column":47},"end":{"line":229,"column":null}},"11":{"start":{"line":230,"column":15},"end":{"line":230,"column":null}},"12":{"start":{"line":232,"column":29},"end":{"line":232,"column":null}},"13":{"start":{"line":233,"column":29},"end":{"line":233,"column":null}},"14":{"start":{"line":235,"column":2},"end":{"line":235,"column":null}},"15":{"start":{"line":239,"column":2},"end":{"line":239,"column":null}},"16":{"start":{"line":239,"column":47},"end":{"line":239,"column":null}},"17":{"start":{"line":240,"column":14},"end":{"line":240,"column":null}},"18":{"start":{"line":242,"column":2},"end":{"line":248,"column":null}},"19":{"start":{"line":253,"column":2},"end":{"line":253,"column":null}},"20":{"start":{"line":257,"column":2},"end":{"line":262,"column":null}},"21":{"start":{"line":267,"column":2},"end":{"line":267,"column":null}},"22":{"start":{"line":267,"column":47},"end":{"line":267,"column":null}},"23":{"start":{"line":268,"column":17},"end":{"line":268,"column":null}},"24":{"start":{"line":270,"column":2},"end":{"line":275,"column":null}}},"fnMap":{"0":{"name":"isValidCard","decl":{"start":{"line":228,"column":16},"end":{"line":228,"column":28}},"loc":{"start":{"line":228,"column":55},"end":{"line":236,"column":null}},"line":228},"1":{"name":"isValidBet","decl":{"start":{"line":238,"column":16},"end":{"line":238,"column":27}},"loc":{"start":{"line":238,"column":53},"end":{"line":250,"column":null}},"line":238},"2":{"name":"isValidGameOutcome","decl":{"start":{"line":252,"column":16},"end":{"line":252,"column":35}},"loc":{"start":{"line":252,"column":73},"end":{"line":254,"column":null}},"line":252},"3":{"name":"isValidGamePhase","decl":{"start":{"line":256,"column":16},"end":{"line":256,"column":33}},"loc":{"start":{"line":256,"column":69},"end":{"line":264,"column":null}},"line":256},"4":{"name":"isValidGameResult","decl":{"start":{"line":266,"column":16},"end":{"line":266,"column":34}},"loc":{"start":{"line":266,"column":67},"end":{"line":277,"column":null}},"line":266}},"branchMap":{"0":{"loc":{"start":{"line":229,"column":2},"end":{"line":229,"column":null}},"type":"if","locations":[{"start":{"line":229,"column":2},"end":{"line":229,"column":null}},{"start":{},"end":{}}],"line":229},"1":{"loc":{"start":{"line":229,"column":6},"end":{"line":229,"column":47}},"type":"binary-expr","locations":[{"start":{"line":229,"column":6},"end":{"line":229,"column":33}},{"start":{"line":229,"column":33},"end":{"line":229,"column":47}}],"line":229},"2":{"loc":{"start":{"line":235,"column":9},"end":{"line":235,"column":null}},"type":"binary-expr","locations":[{"start":{"line":235,"column":9},"end":{"line":235,"column":43}},{"start":{"line":235,"column":43},"end":{"line":235,"column":null}}],"line":235},"3":{"loc":{"start":{"line":239,"column":2},"end":{"line":239,"column":null}},"type":"if","locations":[{"start":{"line":239,"column":2},"end":{"line":239,"column":null}},{"start":{},"end":{}}],"line":239},"4":{"loc":{"start":{"line":239,"column":6},"end":{"line":239,"column":47}},"type":"binary-expr","locations":[{"start":{"line":239,"column":6},"end":{"line":239,"column":33}},{"start":{"line":239,"column":33},"end":{"line":239,"column":47}}],"line":239},"5":{"loc":{"start":{"line":243,"column":4},"end":{"line":248,"column":null}},"type":"binary-expr","locations":[{"start":{"line":243,"column":4},"end":{"line":243,"column":null}},{"start":{"line":244,"column":4},"end":{"line":244,"column":null}},{"start":{"line":245,"column":4},"end":{"line":245,"column":null}},{"start":{"line":246,"column":4},"end":{"line":246,"column":null}},{"start":{"line":247,"column":4},"end":{"line":247,"column":null}},{"start":{"line":248,"column":4},"end":{"line":248,"column":null}}],"line":243},"6":{"loc":{"start":{"line":253,"column":9},"end":{"line":253,"column":null}},"type":"binary-expr","locations":[{"start":{"line":253,"column":9},"end":{"line":253,"column":31}},{"start":{"line":253,"column":31},"end":{"line":253,"column":53}},{"start":{"line":253,"column":53},"end":{"line":253,"column":null}}],"line":253},"7":{"loc":{"start":{"line":258,"column":4},"end":{"line":262,"column":null}},"type":"binary-expr","locations":[{"start":{"line":258,"column":4},"end":{"line":258,"column":null}},{"start":{"line":259,"column":4},"end":{"line":259,"column":null}},{"start":{"line":260,"column":4},"end":{"line":260,"column":null}},{"start":{"line":261,"column":4},"end":{"line":261,"column":null}},{"start":{"line":262,"column":4},"end":{"line":262,"column":null}}],"line":258},"8":{"loc":{"start":{"line":267,"column":2},"end":{"line":267,"column":null}},"type":"if","locations":[{"start":{"line":267,"column":2},"end":{"line":267,"column":null}},{"start":{},"end":{}}],"line":267},"9":{"loc":{"start":{"line":267,"column":6},"end":{"line":267,"column":47}},"type":"binary-expr","locations":[{"start":{"line":267,"column":6},"end":{"line":267,"column":33}},{"start":{"line":267,"column":33},"end":{"line":267,"column":47}}],"line":267},"10":{"loc":{"start":{"line":271,"column":4},"end":{"line":275,"column":null}},"type":"binary-expr","locations":[{"start":{"line":271,"column":4},"end":{"line":271,"column":null}},{"start":{"line":272,"column":4},"end":{"line":272,"column":null}},{"start":{"line":273,"column":4},"end":{"line":273,"column":null}},{"start":{"line":274,"column":4},"end":{"line":274,"column":null}},{"start":{"line":275,"column":4},"end":{"line":275,"column":null}}],"line":271}},"s":{"0":0,"1":0,"2":0,"3":0,"4":0,"5":0,"6":0,"7":0,"8":0,"9":0,"10":0,"11":0,"12":0,"13":0,"14":0,"15":0,"16":0,"17":0,"18":0,"19":0,"20":0,"21":0,"22":0,"23":0,"24":0},"f":{"0":0,"1":0,"2":0,"3":0,"4":0},"b":{"0":[0,0],"1":[0,0],"2":[0,0],"3":[0,0],"4":[0,0],"5":[0,0,0,0,0,0],"6":[0,0,0],"7":[0,0,0,0,0],"8":[0,0],"9":[0,0],"10":[0,0,0,0,0]},"meta":{"lastBranch":11,"lastFunction":5,"lastStatement":25,"seen":{"s:207:27:207:Infinity":0,"s:210:28:214:Infinity":1,"s:216:31:216:Infinity":2,"s:217:35:217:Infinity":3,"s:218:27:218:Infinity":4,"s:219:30:219:Infinity":5,"s:220:27:220:Infinity":6,"s:221:33:221:Infinity":7,"s:222:33:222:Infinity":8,"f:228:16:228:28":0,"b:229:2:229:Infinity:undefined:undefined:undefined:undefined":0,"s:229:2:229:Infinity":9,"b:229:6:229:33:229:33:229:47":1,"s:229:47:229:Infinity":10,"s:230:15:230:Infinity":11,"s:232:29:232:Infinity":12,"s:233:29:233:Infinity":13,"s:235:2:235:Infinity":14,"b:235:9:235:43:235:43:235:Infinity":2,"f:238:16:238:27":1,"b:239:2:239:Infinity:undefined:undefined:undefined:undefined":3,"s:239:2:239:Infinity":15,"b:239:6:239:33:239:33:239:47":4,"s:239:47:239:Infinity":16,"s:240:14:240:Infinity":17,"s:242:2:248:Infinity":18,"b:243:4:243:Infinity:244:4:244:Infinity:245:4:245:Infinity:246:4:246:Infinity:247:4:247:Infinity:248:4:248:Infinity":5,"f:252:16:252:35":2,"s:253:2:253:Infinity":19,"b:253:9:253:31:253:31:253:53:253:53:253:Infinity":6,"f:256:16:256:33":3,"s:257:2:262:Infinity":20,"b:258:4:258:Infinity:259:4:259:Infinity:260:4:260:Infinity:261:4:261:Infinity:262:4:262:Infinity":7,"f:266:16:266:34":4,"b:267:2:267:Infinity:undefined:undefined:undefined:undefined":8,"s:267:2:267:Infinity":21,"b:267:6:267:33:267:33:267:47":9,"s:267:47:267:Infinity":22,"s:268:17:268:Infinity":23,"s:270:2:275:Infinity":24,"b:271:4:271:Infinity:272:4:272:Infinity:273:4:273:Infinity:274:4:274:Infinity:275:4:275:Infinity":10}}}
}
