TN:
SF:src/App.tsx
FN:6,App
FN:21,(anonymous_1)
FN:21,(anonymous_2)
FNF:3
FNH:1
FNDA:2,App
FNDA:0,(anonymous_1)
FNDA:0,(anonymous_2)
DA:7,2
DA:9,2
DA:21,0
LF:3
LH:2
BRF:0
BRH:0
end_of_record
TN:
SF:src/constants/gameConfig.ts
FNF:0
FNH:0
DA:16,1
DA:31,1
DA:36,1
DA:41,1
DA:47,1
DA:57,1
DA:63,1
DA:68,1
DA:77,1
DA:82,1
DA:87,1
DA:92,1
DA:102,1
DA:112,1
LF:14
LH:14
BRF:0
BRH:0
end_of_record
TN:
SF:src/constants/payoutRates.ts
FN:100,calculatePayout
FN:116,calculateTotalReturn
FN:126,getPayoutRate
FNF:3
FNH:3
FNDA:44,calculatePayout
FNDA:15,calculateTotalReturn
FNDA:3,getPayoutRate
DA:18,1
DA:29,1
DA:37,1
DA:52,1
DA:76,1
DA:82,1
DA:101,44
DA:117,15
DA:127,3
LF:9
LH:9
BRF:0
BRH:0
end_of_record
TN:
SF:src/types/game.ts
FN:228,isValidCard
FN:238,isValidBet
FN:252,isValidGameOutcome
FN:256,isValidGamePhase
FN:266,isValidGameResult
FNF:5
FNH:0
FNDA:0,isValidCard
FNDA:0,isValidBet
FNDA:0,isValidGameOutcome
FNDA:0,isValidGamePhase
FNDA:0,isValidGameResult
DA:207,0
DA:210,0
DA:216,0
DA:217,0
DA:218,0
DA:219,0
DA:220,0
DA:221,0
DA:222,0
DA:229,0
DA:230,0
DA:232,0
DA:233,0
DA:235,0
DA:239,0
DA:240,0
DA:242,0
DA:253,0
DA:257,0
DA:267,0
DA:268,0
DA:270,0
LF:22
LH:0
BRDA:229,0,0,0
BRDA:229,0,1,0
BRDA:229,1,0,0
BRDA:229,1,1,0
BRDA:235,2,0,0
BRDA:235,2,1,0
BRDA:239,3,0,0
BRDA:239,3,1,0
BRDA:239,4,0,0
BRDA:239,4,1,0
BRDA:243,5,0,0
BRDA:243,5,1,0
BRDA:243,5,2,0
BRDA:243,5,3,0
BRDA:243,5,4,0
BRDA:243,5,5,0
BRDA:253,6,0,0
BRDA:253,6,1,0
BRDA:253,6,2,0
BRDA:258,7,0,0
BRDA:258,7,1,0
BRDA:258,7,2,0
BRDA:258,7,3,0
BRDA:258,7,4,0
BRDA:267,8,0,0
BRDA:267,8,1,0
BRDA:267,9,0,0
BRDA:267,9,1,0
BRDA:271,10,0,0
BRDA:271,10,1,0
BRDA:271,10,2,0
BRDA:271,10,3,0
BRDA:271,10,4,0
BRF:33
BRH:0
end_of_record
